{"C:\\Users\\gsaik\\Projects\\React\\Swiggy_clone Project\\src\\Contact.js": {"path":"C:\\Users\\gsaik\\Projects\\React\\Swiggy_clone Project\\src\\Contact.js","statementMap":{"0":{"start":{"line":1,"column":27},"end":{"line":5,"column":1}},"1":{"start":{"line":2,"column":4},"end":{"line":4,"column":5}}},"fnMap":{"0":{"name":"(anonymous_0)","decl":{"start":{"line":1,"column":27},"end":{"line":1,"column":28}},"loc":{"start":{"line":1,"column":31},"end":{"line":5,"column":1}},"line":1}},"branchMap":{},"s":{"0":1,"1":1},"f":{"0":1},"b":{},"_coverageSchema":"1a1c01bbd47fc00a2c39e90264f33305004495a9","hash":"09c094fc6a9fd9287c3531835cf3ea41539149ab"}
,"C:\\Users\\gsaik\\Projects\\React\\Swiggy_clone Project\\src\\sum.js": {"path":"C:\\Users\\gsaik\\Projects\\React\\Swiggy_clone Project\\src\\sum.js","statementMap":{"0":{"start":{"line":1,"column":19},"end":{"line":1,"column":29}},"1":{"start":{"line":1,"column":26},"end":{"line":1,"column":29}}},"fnMap":{"0":{"name":"(anonymous_0)","decl":{"start":{"line":1,"column":19},"end":{"line":1,"column":20}},"loc":{"start":{"line":1,"column":26},"end":{"line":1,"column":29}},"line":1}},"branchMap":{},"s":{"0":1,"1":1},"f":{"0":1},"b":{},"_coverageSchema":"1a1c01bbd47fc00a2c39e90264f33305004495a9","hash":"5f38218abf5535b6166217d15e1cac0efd870d1b"}
}
